

================================================================
== Vivado HLS Report for 'image_filter_AXIvideo2Mat'
================================================================
* Date:           Wed Jun 08 01:42:46 2016

* Version:        2015.4 (Build 1412921 on Wed Nov 18 09:58:55 AM 2015)
* Project:        gray2scale
* Solution:       solution1
* Product family: zynq
* Target device:  xc7z020clg484-1


================================================================
== Performance Estimates
================================================================
+ Timing (ns): 
    * Summary: 
    +--------+-------+----------+------------+
    |  Clock | Target| Estimated| Uncertainty|
    +--------+-------+----------+------------+
    |ap_clk  |  10.00|      4.38|        1.25|
    +--------+-------+----------+------------+

+ Latency (clock cycles): 
    * Summary: 
    +-----+---------+-----+---------+---------+
    |    Latency    |    Interval   | Pipeline|
    | min |   max   | min |   max   |   Type  |
    +-----+---------+-----+---------+---------+
    |    3|  2077923|    3|  2077923|   none  |
    +-----+---------+-----+---------+---------+

    + Detail: 
        * Instance: 
        N/A

        * Loop: 
        +-----------------------+-----+---------+----------+-----------+-----------+----------+----------+
        |                       |    Latency    | Iteration|  Initiation Interval  |   Trip   |          |
        |       Loop Name       | min |   max   |  Latency |  achieved |   target  |   Count  | Pipelined|
        +-----------------------+-----+---------+----------+-----------+-----------+----------+----------+
        |- loop_wait_for_start  |    0|        0|         1|          1|          1|         0|    yes   |
        |- loop_height          |    0|  2077920| 4 ~ 1924 |          -|          -| 0 ~ 1080 |    no    |
        | + loop_width          |    0|     1920|         2|          1|          1| 0 ~ 1920 |    yes   |
        | + loop_wait_for_eol   |    0|        0|         1|          1|          1|         0|    yes   |
        +-----------------------+-----+---------+----------+-----------+-----------+----------+----------+

============================================================
+ Verbose Summary: Synthesis Manager
============================================================
InlineROM: 1
ExposeGlobal: 0
============================================================
+ Verbose Summary: CDFG Model
============================================================
IsTopModel: 0
ResetActiveHigh: 1
IsCombinational: 2
IsDatapathOnly: 0
HasWiredReturn: 1
HasMFsm: 0
HasVarLatency: 1
IsPipeline: 0
IsRtlPipelined: 0
IsInstanceOverlapped: 0
IsDontTouch: 0
HasImplIP: 0
IsGatedGlobalClock: 0

+ Individual pipeline summary: 
  * Pipeline-0: initiation interval (II) = 1, depth = 1
  * Pipeline-1: initiation interval (II) = 1, depth = 2
  * Pipeline-2: initiation interval (II) = 1, depth = 1


============================================================
+ Verbose Summary: Schedule
============================================================
* Number of FSM states: 8
* Pipeline: 3
  Pipeline-0: II = 1, D = 1, States = { 2 }
  Pipeline-1: II = 1, D = 2, States = { 5 6 }
  Pipeline-2: II = 1, D = 1, States = { 7 }
* Dataflow Pipeline: 0

* FSM state transitions: 
1 --> 
	2  / true
2 --> 
	3  / (tmp_user_V)
	2  / (!tmp_user_V)
3 --> 
	4  / true
4 --> 
	5  / (!exitcond8_i)
5 --> 
	7  / (exitcond9_i)
	6  / (!exitcond9_i)
6 --> 
	5  / true
7 --> 
	8  / (eol_2_i)
	7  / (!eol_2_i)
8 --> 
	4  / true
* FSM state operations: 

 <State 1>: 0.00ns
ST_1: stg_9 [1/1] 0.00ns
entry:0  call void (...)* @_ssdm_op_SpecIFCore(i11 %cols, [1 x i8]* @p_str1806, [10 x i8]* @p_str1807, [1 x i8]* @p_str1806, i32 -1, [1 x i8]* @p_str1806, [1 x i8]* @p_str1806, [24 x i8]* @p_str1808)

ST_1: stg_10 [1/1] 0.00ns
entry:1  call void (...)* @_ssdm_op_SpecIFCore(i11 %rows, [1 x i8]* @p_str1806, [10 x i8]* @p_str1807, [1 x i8]* @p_str1806, i32 -1, [1 x i8]* @p_str1806, [1 x i8]* @p_str1806, [24 x i8]* @p_str1808)

ST_1: stg_11 [1/1] 0.00ns
entry:2  call void (...)* @_ssdm_op_SpecInterface(i8* %img_data_stream_2_V, [8 x i8]* @ap_fifo_str, i32 0, i32 0, i32 0, i32 0, [1 x i8]* @p_str, [1 x i8]* @p_str, [1 x i8]* @p_str, [1 x i8]* @p_str)

ST_1: stg_12 [1/1] 0.00ns
entry:3  call void (...)* @_ssdm_op_SpecInterface(i8* %img_data_stream_1_V, [8 x i8]* @ap_fifo_str, i32 0, i32 0, i32 0, i32 0, [1 x i8]* @p_str, [1 x i8]* @p_str, [1 x i8]* @p_str, [1 x i8]* @p_str)

ST_1: stg_13 [1/1] 0.00ns
entry:4  call void (...)* @_ssdm_op_SpecInterface(i8* %img_data_stream_0_V, [8 x i8]* @ap_fifo_str, i32 0, i32 0, i32 0, i32 0, [1 x i8]* @p_str, [1 x i8]* @p_str, [1 x i8]* @p_str, [1 x i8]* @p_str)

ST_1: cols_read [1/1] 0.00ns
entry:5  %cols_read = call i11 @_ssdm_op_Read.ap_stable.i11(i11 %cols)

ST_1: rows_read [1/1] 0.00ns
entry:6  %rows_read = call i11 @_ssdm_op_Read.ap_stable.i11(i11 %rows)

ST_1: stg_16 [1/1] 0.00ns
entry:7  call void (...)* @_ssdm_op_SpecInterface(i11 %cols, [10 x i8]* @ap_stable_str, i32 0, i32 0, i32 0, i32 0, [1 x i8]* @p_str, [1 x i8]* @p_str, [1 x i8]* @p_str, [1 x i8]* @p_str)

ST_1: stg_17 [1/1] 0.00ns
entry:8  call void (...)* @_ssdm_op_SpecInterface(i11 %rows, [10 x i8]* @ap_stable_str, i32 0, i32 0, i32 0, i32 0, [1 x i8]* @p_str, [1 x i8]* @p_str, [1 x i8]* @p_str, [1 x i8]* @p_str)

ST_1: stg_18 [1/1] 0.00ns
entry:9  call void (...)* @_ssdm_op_SpecInterface(i32* %AXI_video_strm_V_data_V, i4* %AXI_video_strm_V_keep_V, i4* %AXI_video_strm_V_strb_V, i1* %AXI_video_strm_V_user_V, i1* %AXI_video_strm_V_last_V, i1* %AXI_video_strm_V_id_V, i1* %AXI_video_strm_V_dest_V, [5 x i8]* @p_str1805, i32 0, i32 0, i32 0, i32 0, [1 x i8]* @p_str1806, [1 x i8]* @p_str1806, [1 x i8]* @p_str1806, [1 x i8]* @p_str1806) nounwind

ST_1: stg_19 [1/1] 0.00ns
entry:10  br label %._crit_edge188.i


 <State 2>: 0.00ns
ST_2: stg_20 [1/1] 0.00ns
._crit_edge188.i:0  call void (...)* @_ssdm_op_SpecLoopName([20 x i8]* @p_str1839) nounwind

ST_2: tmp_i [1/1] 0.00ns
._crit_edge188.i:1  %tmp_i = call i32 (...)* @_ssdm_op_SpecRegionBegin([20 x i8]* @p_str1839)

ST_2: stg_22 [1/1] 0.00ns
._crit_edge188.i:2  call void (...)* @_ssdm_op_SpecPipeline(i32 1, i32 1, i32 1, i32 0, [1 x i8]* @p_str1806) nounwind

ST_2: stg_23 [1/1] 0.00ns
._crit_edge188.i:3  call void (...)* @_ssdm_op_SpecLoopTripCount(i32 0, i32 0, i32 0, [1 x i8]* @p_str1806) nounwind

ST_2: empty [1/1] 0.00ns
._crit_edge188.i:4  %empty = call { i32, i4, i4, i1, i1, i1, i1 } @_ssdm_op_Read.axis.volatile.i32P.i4P.i4P.i1P.i1P.i1P.i1P(i32* %AXI_video_strm_V_data_V, i4* %AXI_video_strm_V_keep_V, i4* %AXI_video_strm_V_strb_V, i1* %AXI_video_strm_V_user_V, i1* %AXI_video_strm_V_last_V, i1* %AXI_video_strm_V_id_V, i1* %AXI_video_strm_V_dest_V)

ST_2: tmp_data_V [1/1] 0.00ns
._crit_edge188.i:5  %tmp_data_V = extractvalue { i32, i4, i4, i1, i1, i1, i1 } %empty, 0

ST_2: tmp_user_V [1/1] 0.00ns
._crit_edge188.i:6  %tmp_user_V = extractvalue { i32, i4, i4, i1, i1, i1, i1 } %empty, 3

ST_2: tmp_last_V [1/1] 0.00ns
._crit_edge188.i:7  %tmp_last_V = extractvalue { i32, i4, i4, i1, i1, i1, i1 } %empty, 4

ST_2: empty_68 [1/1] 0.00ns
._crit_edge188.i:8  %empty_68 = call i32 (...)* @_ssdm_op_SpecRegionEnd([20 x i8]* @p_str1839, i32 %tmp_i)

ST_2: stg_29 [1/1] 0.00ns
._crit_edge188.i:9  br i1 %tmp_user_V, label %.preheader187.i.preheader, label %._crit_edge188.i


 <State 3>: 1.57ns
ST_3: sof_1_i [1/1] 0.00ns
.preheader187.i.preheader:0  %sof_1_i = alloca i1

ST_3: stg_31 [1/1] 1.57ns
.preheader187.i.preheader:1  store i1 true, i1* %sof_1_i

ST_3: stg_32 [1/1] 1.57ns
.preheader187.i.preheader:2  br label %.preheader187.i


 <State 4>: 3.48ns
ST_4: axi_last_V1_i [1/1] 0.00ns
.preheader187.i:0  %axi_last_V1_i = phi i1 [ %axi_last_V_3_i, %5 ], [ %tmp_last_V, %.preheader187.i.preheader ]

ST_4: axi_data_V1_i [1/1] 0.00ns
.preheader187.i:1  %axi_data_V1_i = phi i32 [ %axi_data_V_3_i, %5 ], [ %tmp_data_V, %.preheader187.i.preheader ]

ST_4: p_i [1/1] 0.00ns
.preheader187.i:2  %p_i = phi i11 [ %i_V, %5 ], [ 0, %.preheader187.i.preheader ]

ST_4: exitcond8_i [1/1] 2.11ns
.preheader187.i:3  %exitcond8_i = icmp eq i11 %p_i, %rows_read

ST_4: stg_37 [1/1] 0.00ns
.preheader187.i:4  call void (...)* @_ssdm_op_SpecLoopTripCount(i64 0, i64 1080, i64 0)

ST_4: i_V [1/1] 1.84ns
.preheader187.i:5  %i_V = add i11 %p_i, 1

ST_4: stg_39 [1/1] 0.00ns
.preheader187.i:6  br i1 %exitcond8_i, label %"AXIvideo2Mat<32, 1080, 1920, 32>.exit", label %0

ST_4: stg_40 [1/1] 0.00ns
:0  call void (...)* @_ssdm_op_SpecLoopName([12 x i8]* @p_str1815) nounwind

ST_4: tmp_110_i [1/1] 0.00ns
:1  %tmp_110_i = call i32 (...)* @_ssdm_op_SpecRegionBegin([12 x i8]* @p_str1815)

ST_4: stg_42 [1/1] 1.57ns
:2  br label %1

ST_4: stg_43 [1/1] 0.00ns
AXIvideo2Mat<32, 1080, 1920, 32>.exit:0  ret void


 <State 5>: 3.68ns
ST_5: eol [1/1] 0.00ns
:0  %eol = phi i1 [ %axi_last_V1_i, %0 ], [ %axi_last_V_2_i, %._crit_edge189.i ]

ST_5: axi_data_V_1_i [1/1] 0.00ns
:1  %axi_data_V_1_i = phi i32 [ %axi_data_V1_i, %0 ], [ %p_Val2_s, %._crit_edge189.i ]

ST_5: p_2_i [1/1] 0.00ns
:2  %p_2_i = phi i11 [ 0, %0 ], [ %j_V, %._crit_edge189.i ]

ST_5: eol_i [1/1] 0.00ns
:3  %eol_i = phi i1 [ false, %0 ], [ %axi_last_V_2_i, %._crit_edge189.i ]

ST_5: exitcond9_i [1/1] 2.11ns
:4  %exitcond9_i = icmp eq i11 %p_2_i, %cols_read

ST_5: stg_49 [1/1] 0.00ns
:5  call void (...)* @_ssdm_op_SpecLoopTripCount(i64 0, i64 1920, i64 0)

ST_5: j_V [1/1] 1.84ns
:6  %j_V = add i11 %p_2_i, 1

ST_5: stg_51 [1/1] 1.57ns
:7  br i1 %exitcond9_i, label %.preheader.i, label %2

ST_5: sof_1_i_load [1/1] 0.00ns
:0  %sof_1_i_load = load i1* %sof_1_i

ST_5: brmerge_i [1/1] 1.37ns
:4  %brmerge_i = or i1 %sof_1_i_load, %eol_i

ST_5: stg_54 [1/1] 1.57ns
:5  br i1 %brmerge_i, label %._crit_edge189.i, label %3

ST_5: empty_69 [1/1] 0.00ns
:0  %empty_69 = call { i32, i4, i4, i1, i1, i1, i1 } @_ssdm_op_Read.axis.volatile.i32P.i4P.i4P.i1P.i1P.i1P.i1P(i32* %AXI_video_strm_V_data_V, i4* %AXI_video_strm_V_keep_V, i4* %AXI_video_strm_V_strb_V, i1* %AXI_video_strm_V_user_V, i1* %AXI_video_strm_V_last_V, i1* %AXI_video_strm_V_id_V, i1* %AXI_video_strm_V_dest_V)

ST_5: tmp_data_V_1 [1/1] 0.00ns
:1  %tmp_data_V_1 = extractvalue { i32, i4, i4, i1, i1, i1, i1 } %empty_69, 0

ST_5: tmp_last_V_1 [1/1] 0.00ns
:2  %tmp_last_V_1 = extractvalue { i32, i4, i4, i1, i1, i1, i1 } %empty_69, 4

ST_5: stg_58 [1/1] 1.57ns
:3  br label %._crit_edge189.i

ST_5: axi_last_V_2_i [1/1] 0.00ns
._crit_edge189.i:0  %axi_last_V_2_i = phi i1 [ %tmp_last_V_1, %3 ], [ %eol, %2 ]

ST_5: p_Val2_s [1/1] 0.00ns
._crit_edge189.i:1  %p_Val2_s = phi i32 [ %tmp_data_V_1, %3 ], [ %axi_data_V_1_i, %2 ]

ST_5: tmp [1/1] 0.00ns
._crit_edge189.i:2  %tmp = trunc i32 %p_Val2_s to i8

ST_5: tmp_10 [1/1] 0.00ns
._crit_edge189.i:3  %tmp_10 = call i8 @_ssdm_op_PartSelect.i8.i32.i32.i32(i32 %p_Val2_s, i32 8, i32 15)

ST_5: tmp_11 [1/1] 0.00ns
._crit_edge189.i:4  %tmp_11 = call i8 @_ssdm_op_PartSelect.i8.i32.i32.i32(i32 %p_Val2_s, i32 16, i32 23)

ST_5: stg_64 [1/1] 1.57ns
._crit_edge189.i:12  store i1 false, i1* %sof_1_i


 <State 6>: 4.38ns
ST_6: stg_65 [1/1] 0.00ns
:1  call void (...)* @_ssdm_op_SpecLoopName([11 x i8]* @p_str1816) nounwind

ST_6: tmp_111_i [1/1] 0.00ns
:2  %tmp_111_i = call i32 (...)* @_ssdm_op_SpecRegionBegin([11 x i8]* @p_str1816)

ST_6: stg_67 [1/1] 0.00ns
:3  call void (...)* @_ssdm_op_SpecPipeline(i32 1, i32 1, i32 1, i32 0, [1 x i8]* @p_str1806) nounwind

ST_6: tmp_116_i [1/1] 0.00ns
._crit_edge189.i:5  %tmp_116_i = call i32 (...)* @_ssdm_op_SpecRegionBegin([13 x i8]* @p_str1841)

ST_6: stg_69 [1/1] 0.00ns
._crit_edge189.i:6  call void (...)* @_ssdm_op_SpecProtocol(i32 0, [1 x i8]* @p_str1806) nounwind

ST_6: stg_70 [1/1] 4.38ns
._crit_edge189.i:7  call void @_ssdm_op_Write.ap_fifo.volatile.i8P(i8* %img_data_stream_0_V, i8 %tmp)

ST_6: stg_71 [1/1] 4.38ns
._crit_edge189.i:8  call void @_ssdm_op_Write.ap_fifo.volatile.i8P(i8* %img_data_stream_1_V, i8 %tmp_10)

ST_6: stg_72 [1/1] 4.38ns
._crit_edge189.i:9  call void @_ssdm_op_Write.ap_fifo.volatile.i8P(i8* %img_data_stream_2_V, i8 %tmp_11)

ST_6: empty_70 [1/1] 0.00ns
._crit_edge189.i:10  %empty_70 = call i32 (...)* @_ssdm_op_SpecRegionEnd([13 x i8]* @p_str1841, i32 %tmp_116_i)

ST_6: empty_71 [1/1] 0.00ns
._crit_edge189.i:11  %empty_71 = call i32 (...)* @_ssdm_op_SpecRegionEnd([11 x i8]* @p_str1816, i32 %tmp_111_i)

ST_6: stg_75 [1/1] 0.00ns
._crit_edge189.i:13  br label %1


 <State 7>: 0.00ns
ST_7: axi_last_V_3_i [1/1] 0.00ns
.preheader.i:0  %axi_last_V_3_i = phi i1 [ %tmp_last_V_2, %4 ], [ %eol, %1 ]

ST_7: axi_data_V_3_i [1/1] 0.00ns
.preheader.i:1  %axi_data_V_3_i = phi i32 [ %tmp_data_V_2, %4 ], [ %axi_data_V_1_i, %1 ]

ST_7: eol_2_i [1/1] 0.00ns
.preheader.i:2  %eol_2_i = phi i1 [ %tmp_last_V_2, %4 ], [ %eol_i, %1 ]

ST_7: stg_79 [1/1] 0.00ns
.preheader.i:3  br i1 %eol_2_i, label %5, label %4

ST_7: stg_80 [1/1] 0.00ns
:0  call void (...)* @_ssdm_op_SpecLoopName([18 x i8]* @p_str1840) nounwind

ST_7: tmp_112_i [1/1] 0.00ns
:1  %tmp_112_i = call i32 (...)* @_ssdm_op_SpecRegionBegin([18 x i8]* @p_str1840)

ST_7: stg_82 [1/1] 0.00ns
:2  call void (...)* @_ssdm_op_SpecPipeline(i32 1, i32 1, i32 1, i32 0, [1 x i8]* @p_str1806) nounwind

ST_7: stg_83 [1/1] 0.00ns
:3  call void (...)* @_ssdm_op_SpecLoopTripCount(i32 0, i32 0, i32 0, [1 x i8]* @p_str1806) nounwind

ST_7: empty_72 [1/1] 0.00ns
:4  %empty_72 = call { i32, i4, i4, i1, i1, i1, i1 } @_ssdm_op_Read.axis.volatile.i32P.i4P.i4P.i1P.i1P.i1P.i1P(i32* %AXI_video_strm_V_data_V, i4* %AXI_video_strm_V_keep_V, i4* %AXI_video_strm_V_strb_V, i1* %AXI_video_strm_V_user_V, i1* %AXI_video_strm_V_last_V, i1* %AXI_video_strm_V_id_V, i1* %AXI_video_strm_V_dest_V)

ST_7: tmp_data_V_2 [1/1] 0.00ns
:5  %tmp_data_V_2 = extractvalue { i32, i4, i4, i1, i1, i1, i1 } %empty_72, 0

ST_7: tmp_last_V_2 [1/1] 0.00ns
:6  %tmp_last_V_2 = extractvalue { i32, i4, i4, i1, i1, i1, i1 } %empty_72, 4

ST_7: empty_73 [1/1] 0.00ns
:7  %empty_73 = call i32 (...)* @_ssdm_op_SpecRegionEnd([18 x i8]* @p_str1840, i32 %tmp_112_i)

ST_7: stg_88 [1/1] 0.00ns
:8  br label %.preheader.i


 <State 8>: 0.00ns
ST_8: empty_74 [1/1] 0.00ns
:0  %empty_74 = call i32 (...)* @_ssdm_op_SpecRegionEnd([12 x i8]* @p_str1815, i32 %tmp_110_i)

ST_8: stg_90 [1/1] 0.00ns
:1  br label %.preheader187.i



============================================================
+ Verbose Summary: Binding
============================================================
N/A
* FSMD analyzer results:
  - Output states:
  - Chain level:
	State 1
	State 2
	State 3
	State 4
	State 5
	State 6
	State 7
	State 8


============================================================
+ Verbose Summary: Datapath Resource usage 
============================================================
N/A
